  MTPC.cpp
C:\path_tracing\MonteCarloPathTracing\MTPC\sceneManagement.h(71,15): warning C4244: “参数”: 从“double”转换到“int”，可能丢失数据
C:\path_tracing\MonteCarloPathTracing\MTPC\sceneManagement.h(72,19): warning C4244: “参数”: 从“double”转换到“int”，可能丢失数据
C:\Users\TONY\source\repos\MTPC\include\eigen-3.4.0\eigen-3.4.0\Eigen\src\Core\arch\Default\Half.h(1,1): warning C4819: 该文件包含不能在当前代码页(936)中表示的字符。请将该文件保存为 Unicode 格式以防止数据丢失
C:\Users\TONY\source\repos\MTPC\include\eigen-3.4.0\eigen-3.4.0\Eigen\src\Core\arch\Default\BFloat16.h(1,1): warning C4819: 该文件包含不能在当前代码页(936)中表示的字符。请将该文件保存为 Unicode 格式以防止数据丢失
C:\Users\TONY\source\repos\MTPC\include\eigen-3.4.0\eigen-3.4.0\Eigen\src\Core\arch\Default\GenericPacketMathFunctions.h(676,1): warning C4819: 该文件包含不能在当前代码页(936)中表示的字符。请将该文件保存为 Unicode 格式以防止数据丢失
  pathTracer.cpp
C:\path_tracing\MonteCarloPathTracing\MTPC\sceneManagement.h(71,15): warning C4244: “参数”: 从“double”转换到“int”，可能丢失数据
C:\path_tracing\MonteCarloPathTracing\MTPC\sceneManagement.h(72,19): warning C4244: “参数”: 从“double”转换到“int”，可能丢失数据
C:\Users\TONY\source\repos\MTPC\include\eigen-3.4.0\eigen-3.4.0\Eigen\src\Core\arch\Default\Half.h(1,1): warning C4819: 该文件包含不能在当前代码页(936)中表示的字符。请将该文件保存为 Unicode 格式以防止数据丢失
C:\Users\TONY\source\repos\MTPC\include\eigen-3.4.0\eigen-3.4.0\Eigen\src\Core\arch\Default\BFloat16.h(1,1): warning C4819: 该文件包含不能在当前代码页(936)中表示的字符。请将该文件保存为 Unicode 格式以防止数据丢失
C:\Users\TONY\source\repos\MTPC\include\eigen-3.4.0\eigen-3.4.0\Eigen\src\Core\arch\Default\GenericPacketMathFunctions.h(676,1): warning C4819: 该文件包含不能在当前代码页(936)中表示的字符。请将该文件保存为 Unicode 格式以防止数据丢失
C:\path_tracing\MonteCarloPathTracing\MTPC\pathTracer.cpp(5,42): warning C4244: “参数”: 从“time_t”转换到“unsigned int”，可能丢失数据
C:\path_tracing\MonteCarloPathTracing\MTPC\pathTracer.cpp(18,14): warning C4244: “初始化”: 从“double”转换到“float”，可能丢失数据
C:\path_tracing\MonteCarloPathTracing\MTPC\pathTracer.cpp(32,42): warning C4244: “参数”: 从“time_t”转换到“unsigned int”，可能丢失数据
C:\path_tracing\MonteCarloPathTracing\MTPC\pathTracer.cpp(65,42): warning C4244: “参数”: 从“time_t”转换到“unsigned int”，可能丢失数据
C:\path_tracing\MonteCarloPathTracing\MTPC\pathTracer.cpp(156,9): warning C4244: “初始化”: 从“double”转换到“int”，可能丢失数据
C:\path_tracing\MonteCarloPathTracing\MTPC\pathTracer.cpp(156,56): warning C4244: “初始化”: 从“double”转换到“int”，可能丢失数据
C:\path_tracing\MonteCarloPathTracing\MTPC\pathTracer.cpp(160,26): warning C4244: “=”: 从“double”转换到“T”，可能丢失数据
          with
          [
              T=float
          ]
C:\path_tracing\MonteCarloPathTracing\MTPC\pathTracer.cpp(160,55): warning C4244: “=”: 从“double”转换到“T”，可能丢失数据
          with
          [
              T=float
          ]
C:\path_tracing\MonteCarloPathTracing\MTPC\pathTracer.cpp(160,84): warning C4244: “=”: 从“double”转换到“T”，可能丢失数据
          with
          [
              T=float
          ]
C:\path_tracing\MonteCarloPathTracing\MTPC\pathTracer.cpp(171,42): warning C4244: “参数”: 从“time_t”转换到“unsigned int”，可能丢失数据
C:\path_tracing\MonteCarloPathTracing\MTPC\pathTracer.cpp(191,12): warning C4244: “初始化”: 从“double”转换到“float”，可能丢失数据
C:\path_tracing\MonteCarloPathTracing\MTPC\pathTracer.cpp(191,46): warning C4244: “初始化”: 从“double”转换到“float”，可能丢失数据
C:\path_tracing\MonteCarloPathTracing\MTPC\pathTracer.cpp(191,80): warning C4244: “初始化”: 从“double”转换到“float”，可能丢失数据
C:\path_tracing\MonteCarloPathTracing\MTPC\pathTracer.cpp(210,20): warning C4244: “初始化”: 从“double”转换到“float”，可能丢失数据
C:\path_tracing\MonteCarloPathTracing\MTPC\pathTracer.cpp(221,45): warning C4244: “+=”: 从“double”转换到“T”，可能丢失数据
          with
          [
              T=float
          ]
C:\path_tracing\MonteCarloPathTracing\MTPC\pathTracer.cpp(222,45): warning C4244: “+=”: 从“double”转换到“T”，可能丢失数据
          with
          [
              T=float
          ]
C:\path_tracing\MonteCarloPathTracing\MTPC\pathTracer.cpp(223,45): warning C4244: “+=”: 从“double”转换到“T”，可能丢失数据
          with
          [
              T=float
          ]
C:\path_tracing\MonteCarloPathTracing\MTPC\pathTracer.cpp(230,18): warning C4305: “初始化”: 从“double”到“float”截断
C:\path_tracing\MonteCarloPathTracing\MTPC\pathTracer.cpp(271,11): warning C4244: “初始化”: 从“double”转换到“float”，可能丢失数据
C:\path_tracing\MonteCarloPathTracing\MTPC\pathTracer.cpp(407,10): warning C4244: “=”: 从“double”转换到“T”，可能丢失数据
          with
          [
              T=float
          ]
C:\path_tracing\MonteCarloPathTracing\MTPC\pathTracer.cpp(407,22): warning C4244: “=”: 从“double”转换到“T”，可能丢失数据
          with
          [
              T=float
          ]
C:\path_tracing\MonteCarloPathTracing\MTPC\pathTracer.cpp(407,34): warning C4244: “=”: 从“double”转换到“T”，可能丢失数据
          with
          [
              T=float
          ]
  正在生成代码
  2 of 743 functions ( 0.3%) were compiled, the rest were copied from previous compilation.
    0 functions were new in current compilation
    3 functions had inline decision re-evaluated but remain unchanged
  已完成代码的生成
  MTPC.vcxproj -> C:\path_tracing\MonteCarloPathTracing\x64\Release\MTPC.exe
